{"/Users/tommyHuang/projects/kinopio/src/connection.ts": {"path":"/Users/tommyHuang/projects/kinopio/src/connection.ts","statementMap":{"0":{"start":{"line":1,"column":0},"end":{"line":1,"column":31}},"1":{"start":{"line":2,"column":0},"end":{"line":2,"column":32}},"2":{"start":{"line":4,"column":12},"end":{"line":4,"column":31}},"3":{"start":{"line":5,"column":20},"end":{"line":5,"column":25}},"4":{"start":{"line":14,"column":17},"end":{"line":20,"column":6}},"5":{"start":{"line":21,"column":4},"end":{"line":21,"column":22}},"6":{"start":{"line":22,"column":23},"end":{"line":22,"column":49}},"7":{"start":{"line":23,"column":4},"end":{"line":26,"column":7}},"8":{"start":{"line":24,"column":6},"end":{"line":24,"column":27}},"9":{"start":{"line":25,"column":6},"end":{"line":25,"column":30}},"10":{"start":{"line":27,"column":4},"end":{"line":30,"column":7}},"11":{"start":{"line":28,"column":6},"end":{"line":28,"column":27}},"12":{"start":{"line":29,"column":6},"end":{"line":29,"column":30}},"13":{"start":{"line":31,"column":4},"end":{"line":31,"column":73}},"14":{"start":{"line":32,"column":4},"end":{"line":32,"column":44}},"15":{"start":{"line":33,"column":4},"end":{"line":33,"column":16}},"16":{"start":{"line":36,"column":2},"end":{"line":36,"column":32}},"17":{"start":{"line":38,"column":4},"end":{"line":40,"column":null}},"18":{"start":{"line":39,"column":6},"end":{"line":39,"column":13}},"19":{"start":{"line":41,"column":4},"end":{"line":41,"column":25}},"20":{"start":{"line":43,"column":21},"end":{"line":43,"column":25}},"21":{"start":{"line":44,"column":25},"end":{"line":44,"column":27}},"22":{"start":{"line":45,"column":22},"end":{"line":45,"column":23}},"23":{"start":{"line":48,"column":6},"end":{"line":48,"column":72}},"24":{"start":{"line":49,"column":6},"end":{"line":49,"column":23}},"25":{"start":{"line":50,"column":22},"end":{"line":50,"column":55}},"26":{"start":{"line":51,"column":6},"end":{"line":61,"column":null}},"27":{"start":{"line":52,"column":8},"end":{"line":52,"column":25}},"28":{"start":{"line":53,"column":8},"end":{"line":53,"column":30}},"29":{"start":{"line":55,"column":8},"end":{"line":58,"column":null}},"30":{"start":{"line":56,"column":10},"end":{"line":56,"column":65}},"31":{"start":{"line":57,"column":10},"end":{"line":57,"column":78}},"32":{"start":{"line":59,"column":8},"end":{"line":59,"column":76}},"33":{"start":{"line":60,"column":8},"end":{"line":60,"column":40}},"34":{"start":{"line":64,"column":4},"end":{"line":64,"column":75}},"35":{"start":{"line":65,"column":4},"end":{"line":65,"column":36}},"36":{"start":{"line":68,"column":2},"end":{"line":71,"column":5}},"37":{"start":{"line":69,"column":4},"end":{"line":69,"column":28}},"38":{"start":{"line":70,"column":4},"end":{"line":70,"column":28}},"39":{"start":{"line":73,"column":2},"end":{"line":76,"column":5}},"40":{"start":{"line":74,"column":4},"end":{"line":74,"column":28}},"41":{"start":{"line":75,"column":4},"end":{"line":75,"column":28}},"42":{"start":{"line":7,"column":0},"end":{"line":7,"column":7}}},"fnMap":{"0":{"name":"connect","decl":{"start":{"line":7,"column":22},"end":{"line":7,"column":29}},"loc":{"start":{"line":9,"column":11},"end":{"line":77,"column":1}}},"1":{"name":"connect_","decl":{"start":{"line":13,"column":17},"end":{"line":13,"column":25}},"loc":{"start":{"line":13,"column":25},"end":{"line":34,"column":3}}},"2":{"name":"(anonymous_2)","decl":{"start":{"line":23,"column":27},"end":{"line":23,"column":30}},"loc":{"start":{"line":23,"column":32},"end":{"line":26,"column":5}}},"3":{"name":"(anonymous_3)","decl":{"start":{"line":27,"column":27},"end":{"line":27,"column":30}},"loc":{"start":{"line":27,"column":32},"end":{"line":30,"column":5}}},"4":{"name":"reestablishConnection","decl":{"start":{"line":37,"column":11},"end":{"line":37,"column":32}},"loc":{"start":{"line":37,"column":32},"end":{"line":66,"column":3}}},"5":{"name":"reconnect","decl":{"start":{"line":47,"column":19},"end":{"line":47,"column":28}},"loc":{"start":{"line":47,"column":28},"end":{"line":62,"column":5}}},"6":{"name":"(anonymous_6)","decl":{"start":{"line":68,"column":25},"end":{"line":68,"column":28}},"loc":{"start":{"line":68,"column":30},"end":{"line":71,"column":3}}},"7":{"name":"(anonymous_7)","decl":{"start":{"line":73,"column":25},"end":{"line":73,"column":28}},"loc":{"start":{"line":73,"column":30},"end":{"line":76,"column":3}}}},"branchMap":{"0":{"loc":{"start":{"line":38,"column":4},"end":{"line":40,"column":null}},"type":"if","locations":[{"start":{"line":38,"column":4},"end":{"line":40,"column":null}},{"start":{"line":38,"column":4},"end":{"line":40,"column":null}}]},"1":{"loc":{"start":{"line":55,"column":8},"end":{"line":58,"column":null}},"type":"if","locations":[{"start":{"line":55,"column":8},"end":{"line":58,"column":null}},{"start":{"line":55,"column":8},"end":{"line":58,"column":null}}]}},"s":{"0":1,"1":1,"2":1,"3":1,"4":2,"5":2,"6":2,"7":2,"8":2,"9":2,"10":2,"11":0,"12":0,"13":2,"14":2,"15":2,"16":2,"17":4,"18":3,"19":1,"20":1,"21":1,"22":1,"23":0,"24":0,"25":0,"26":0,"27":0,"28":0,"29":0,"30":0,"31":0,"32":0,"33":0,"34":1,"35":1,"36":2,"37":2,"38":2,"39":2,"40":0,"41":0,"42":1},"f":{"0":2,"1":2,"2":2,"3":0,"4":4,"5":0,"6":2,"7":0},"b":{"0":[3,1],"1":[0,0]}}
,"/Users/tommyHuang/projects/kinopio/src/index.ts": {"path":"/Users/tommyHuang/projects/kinopio/src/index.ts","statementMap":{"0":{"start":{"line":1,"column":0},"end":{"line":1,"column":31}},"1":{"start":{"line":2,"column":0},"end":{"line":2,"column":32}},"2":{"start":{"line":4,"column":0},"end":{"line":4,"column":39}},"3":{"start":{"line":16,"column":12},"end":{"line":16,"column":31}},"4":{"start":{"line":17,"column":19},"end":{"line":17,"column":46}},"5":{"start":{"line":18,"column":20},"end":{"line":18,"column":48}},"6":{"start":{"line":19,"column":21},"end":{"line":19,"column":23}},"7":{"start":{"line":20,"column":18},"end":{"line":20,"column":24}},"8":{"start":{"line":21,"column":42},"end":{"line":21,"column":44}},"9":{"start":{"line":37,"column":4},"end":{"line":37,"column":19}},"10":{"start":{"line":38,"column":4},"end":{"line":38,"column":35}},"11":{"start":{"line":39,"column":4},"end":{"line":39,"column":38}},"12":{"start":{"line":40,"column":4},"end":{"line":40,"column":33}},"13":{"start":{"line":41,"column":4},"end":{"line":41,"column":33}},"14":{"start":{"line":42,"column":4},"end":{"line":42,"column":41}},"15":{"start":{"line":25,"column":0},"end":{"line":25,"column":13}},"16":{"start":{"line":47,"column":2},"end":{"line":54,"column":null}},"17":{"start":{"line":48,"column":30},"end":{"line":48,"column":78}},"18":{"start":{"line":49,"column":22},"end":{"line":49,"column":27}},"19":{"start":{"line":50,"column":4},"end":{"line":52,"column":null}},"20":{"start":{"line":51,"column":6},"end":{"line":51,"column":41}},"21":{"start":{"line":53,"column":4},"end":{"line":53,"column":23}},"22":{"start":{"line":55,"column":2},"end":{"line":55,"column":15}},"23":{"start":{"line":59,"column":28},"end":{"line":59,"column":46}},"24":{"start":{"line":61,"column":2},"end":{"line":89,"column":null}},"25":{"start":{"line":62,"column":30},"end":{"line":62,"column":56}},"26":{"start":{"line":63,"column":27},"end":{"line":63,"column":68}},"27":{"start":{"line":65,"column":21},"end":{"line":65,"column":48}},"28":{"start":{"line":66,"column":4},"end":{"line":66,"column":44}},"29":{"start":{"line":68,"column":4},"end":{"line":68,"column":66}},"30":{"start":{"line":70,"column":4},"end":{"line":88,"column":null}},"31":{"start":{"line":71,"column":6},"end":{"line":78,"column":8}},"32":{"start":{"line":80,"column":6},"end":{"line":84,"column":null}},"33":{"start":{"line":81,"column":8},"end":{"line":83,"column":10}},"34":{"start":{"line":85,"column":6},"end":{"line":86,"column":58}},"35":{"start":{"line":87,"column":6},"end":{"line":87,"column":46}},"36":{"start":{"line":96,"column":2},"end":{"line":96,"column":30}},"37":{"start":{"line":97,"column":2},"end":{"line":97,"column":24}},"38":{"start":{"line":98,"column":20},"end":{"line":98,"column":53}},"39":{"start":{"line":99,"column":20},"end":{"line":103,"column":4}},"40":{"start":{"line":105,"column":2},"end":{"line":105,"column":68}},"41":{"start":{"line":106,"column":2},"end":{"line":108,"column":5}},"42":{"start":{"line":112,"column":2},"end":{"line":112,"column":46}},"43":{"start":{"line":113,"column":2},"end":{"line":113,"column":48}},"44":{"start":{"line":114,"column":2},"end":{"line":114,"column":58}},"45":{"start":{"line":116,"column":2},"end":{"line":125,"column":4}},"46":{"start":{"line":111,"column":0},"end":{"line":111,"column":7}},"47":{"start":{"line":129,"column":2},"end":{"line":129,"column":44}},"48":{"start":{"line":130,"column":2},"end":{"line":130,"column":24}},"49":{"start":{"line":131,"column":2},"end":{"line":131,"column":22}},"50":{"start":{"line":132,"column":2},"end":{"line":132,"column":27}},"51":{"start":{"line":133,"column":2},"end":{"line":133,"column":25}},"52":{"start":{"line":134,"column":2},"end":{"line":134,"column":34}},"53":{"start":{"line":128,"column":0},"end":{"line":128,"column":7}},"54":{"start":{"line":148,"column":21},"end":{"line":148,"column":53}},"55":{"start":{"line":149,"column":24},"end":{"line":149,"column":30}},"56":{"start":{"line":151,"column":2},"end":{"line":180,"column":5}},"57":{"start":{"line":152,"column":4},"end":{"line":154,"column":null}},"58":{"start":{"line":153,"column":6},"end":{"line":153,"column":59}},"59":{"start":{"line":156,"column":4},"end":{"line":156,"column":54}},"60":{"start":{"line":157,"column":39},"end":{"line":157,"column":46}},"61":{"start":{"line":158,"column":23},"end":{"line":158,"column":39}},"62":{"start":{"line":160,"column":4},"end":{"line":161,"column":71}},"63":{"start":{"line":163,"column":4},"end":{"line":163,"column":78}},"64":{"start":{"line":164,"column":4},"end":{"line":164,"column":43}},"65":{"start":{"line":166,"column":4},"end":{"line":179,"column":6}},"66":{"start":{"line":197,"column":2},"end":{"line":219,"column":null}},"67":{"start":{"line":201,"column":8},"end":{"line":203,"column":null}},"68":{"start":{"line":202,"column":10},"end":{"line":202,"column":null}},"69":{"start":{"line":204,"column":8},"end":{"line":216,"column":null}},"70":{"start":{"line":208,"column":14},"end":{"line":213,"column":null}},"71":{"start":{"line":208,"column":32},"end":{"line":212,"column":null}},"72":{"start":{"line":196,"column":0},"end":{"line":196,"column":16}}},"fnMap":{"0":{"name":"(anonymous_0)","decl":{"start":{"line":31,"column":2},"end":{"line":31,"column":null}},"loc":{"start":{"line":35,"column":27},"end":{"line":43,"column":3}}},"1":{"name":"parseXJson","decl":{"start":{"line":46,"column":9},"end":{"line":46,"column":19}},"loc":{"start":{"line":46,"column":28},"end":{"line":56,"column":1}}},"2":{"name":"consumeQueue","decl":{"start":{"line":58,"column":9},"end":{"line":58,"column":21}},"loc":{"start":{"line":58,"column":29},"end":{"line":90,"column":1}}},"3":{"name":"onConnect","decl":{"start":{"line":92,"column":15},"end":{"line":92,"column":24}},"loc":{"start":{"line":94,"column":27},"end":{"line":109,"column":1}}},"4":{"name":"rpcSetup","decl":{"start":{"line":111,"column":22},"end":{"line":111,"column":30}},"loc":{"start":{"line":111,"column":59},"end":{"line":126,"column":1}}},"5":{"name":"rpcTearDown","decl":{"start":{"line":128,"column":22},"end":{"line":128,"column":33}},"loc":{"start":{"line":128,"column":33},"end":{"line":135,"column":1}}},"6":{"name":"callRpc","decl":{"start":{"line":142,"column":15},"end":{"line":142,"column":22}},"loc":{"start":{"line":146,"column":24},"end":{"line":181,"column":1}}},"7":{"name":"(anonymous_7)","decl":{"start":{"line":151,"column":21},"end":{"line":151,"column":22}},"loc":{"start":{"line":151,"column":41},"end":{"line":180,"column":3}}},"8":{"name":"rpcProxy","decl":{"start":{"line":196,"column":16},"end":{"line":196,"column":24}},"loc":{"start":{"line":196,"column":46},"end":{"line":220,"column":1}}},"9":{"name":"(anonymous_9)","decl":{"start":{"line":200,"column":6},"end":{"line":200,"column":9}},"loc":{"start":{"line":200,"column":29},"end":{"line":217,"column":7}}},"10":{"name":"(anonymous_10)","decl":{"start":{"line":207,"column":12},"end":{"line":207,"column":15}},"loc":{"start":{"line":207,"column":43},"end":{"line":214,"column":13}}},"11":{"name":"(anonymous_11)","decl":{"start":{"line":208,"column":21},"end":{"line":208,"column":28}},"loc":{"start":{"line":208,"column":32},"end":{"line":212,"column":null}}}},"branchMap":{"0":{"loc":{"start":{"line":47,"column":2},"end":{"line":54,"column":null}},"type":"if","locations":[{"start":{"line":47,"column":2},"end":{"line":54,"column":null}},{"start":{"line":47,"column":2},"end":{"line":54,"column":null}}]},"1":{"loc":{"start":{"line":50,"column":4},"end":{"line":52,"column":null}},"type":"if","locations":[{"start":{"line":50,"column":4},"end":{"line":52,"column":null}},{"start":{"line":50,"column":4},"end":{"line":52,"column":null}}]},"2":{"loc":{"start":{"line":50,"column":8},"end":{"line":50,"column":25}},"type":"binary-expr","locations":[{"start":{"line":50,"column":8},"end":{"line":50,"column":25}},{"start":{"line":50,"column":29},"end":{"line":50,"column":59}}]},"3":{"loc":{"start":{"line":61,"column":2},"end":{"line":89,"column":null}},"type":"if","locations":[{"start":{"line":61,"column":2},"end":{"line":89,"column":null}},{"start":{"line":61,"column":2},"end":{"line":89,"column":null}}]},"4":{"loc":{"start":{"line":70,"column":4},"end":{"line":88,"column":null}},"type":"if","locations":[{"start":{"line":70,"column":4},"end":{"line":88,"column":null}},{"start":{"line":70,"column":4},"end":{"line":88,"column":null}}]},"5":{"loc":{"start":{"line":80,"column":6},"end":{"line":84,"column":null}},"type":"if","locations":[{"start":{"line":80,"column":6},"end":{"line":84,"column":null}},{"start":{"line":80,"column":6},"end":{"line":84,"column":null}}]},"6":{"loc":{"start":{"line":85,"column":6},"end":{"line":85,"column":32}},"type":"binary-expr","locations":[{"start":{"line":85,"column":6},"end":{"line":85,"column":32}},{"start":{"line":86,"column":8},"end":{"line":86,"column":57}}]},"7":{"loc":{"start":{"line":111,"column":57},"end":{"line":111,"column":59}},"type":"default-arg","locations":[{"start":{"line":111,"column":57},"end":{"line":111,"column":59}}]},"8":{"loc":{"start":{"line":145,"column":24},"end":{"line":145,"column":26}},"type":"default-arg","locations":[{"start":{"line":145,"column":24},"end":{"line":145,"column":26}}]},"9":{"loc":{"start":{"line":146,"column":22},"end":{"line":146,"column":24}},"type":"default-arg","locations":[{"start":{"line":146,"column":22},"end":{"line":146,"column":24}}]},"10":{"loc":{"start":{"line":152,"column":4},"end":{"line":154,"column":null}},"type":"if","locations":[{"start":{"line":152,"column":4},"end":{"line":154,"column":null}},{"start":{"line":152,"column":4},"end":{"line":154,"column":null}}]},"11":{"loc":{"start":{"line":157,"column":19},"end":{"line":157,"column":21}},"type":"default-arg","locations":[{"start":{"line":157,"column":19},"end":{"line":157,"column":21}}]},"12":{"loc":{"start":{"line":157,"column":32},"end":{"line":157,"column":34}},"type":"default-arg","locations":[{"start":{"line":157,"column":32},"end":{"line":157,"column":34}}]},"13":{"loc":{"start":{"line":160,"column":4},"end":{"line":160,"column":29}},"type":"binary-expr","locations":[{"start":{"line":160,"column":4},"end":{"line":160,"column":29}},{"start":{"line":161,"column":6},"end":{"line":161,"column":70}}]},"14":{"loc":{"start":{"line":196,"column":44},"end":{"line":196,"column":46}},"type":"default-arg","locations":[{"start":{"line":196,"column":44},"end":{"line":196,"column":46}}]},"15":{"loc":{"start":{"line":196,"column":38},"end":{"line":196,"column":40}},"type":"default-arg","locations":[{"start":{"line":196,"column":38},"end":{"line":196,"column":40}}]},"16":{"loc":{"start":{"line":201,"column":8},"end":{"line":203,"column":null}},"type":"if","locations":[{"start":{"line":201,"column":8},"end":{"line":203,"column":null}},{"start":{"line":201,"column":8},"end":{"line":203,"column":null}}]}},"s":{"0":1,"1":1,"2":1,"3":1,"4":1,"5":1,"6":1,"7":1,"8":1,"9":4,"10":4,"11":4,"12":4,"13":4,"14":4,"15":1,"16":82,"17":24,"18":24,"19":24,"20":3,"21":24,"22":58,"23":11,"24":11,"25":11,"26":11,"27":11,"28":11,"29":11,"30":11,"31":2,"32":9,"33":4,"34":9,"35":9,"36":2,"37":2,"38":2,"39":2,"40":2,"41":2,"42":2,"43":2,"44":2,"45":2,"46":1,"47":2,"48":2,"49":2,"50":2,"51":2,"52":2,"53":1,"54":12,"55":12,"56":12,"57":12,"58":1,"59":11,"60":11,"61":11,"62":11,"63":11,"64":11,"65":11,"66":1,"67":13,"68":1,"69":12,"70":12,"71":12,"72":1},"f":{"0":4,"1":82,"2":11,"3":2,"4":2,"5":2,"6":12,"7":12,"8":1,"9":13,"10":12,"11":12},"b":{"0":[24,58],"1":[3,21],"2":[24,3],"3":[11,0],"4":[2,9],"5":[4,5],"6":[9,4],"7":[1],"8":[9],"9":[0],"10":[1,11],"11":[9],"12":[8],"13":[11,4],"14":[0],"15":[0],"16":[1,12]}}
}
