TN:
SF:/Users/tommyHuang/projects/kinopio/src/connection.ts
FN:7,connect
FN:13,connect_
FN:23,(anonymous_2)
FN:27,(anonymous_3)
FN:37,reestablishConnection
FN:47,reconnect
FN:68,(anonymous_6)
FN:73,(anonymous_7)
FNF:8
FNH:5
FNDA:2,connect
FNDA:2,connect_
FNDA:2,(anonymous_2)
FNDA:0,(anonymous_3)
FNDA:4,reestablishConnection
FNDA:0,reconnect
FNDA:2,(anonymous_6)
FNDA:0,(anonymous_7)
DA:1,1
DA:2,1
DA:4,1
DA:5,1
DA:7,1
DA:14,2
DA:21,2
DA:22,2
DA:23,2
DA:24,2
DA:25,2
DA:27,2
DA:28,0
DA:29,0
DA:31,2
DA:32,2
DA:33,2
DA:36,2
DA:38,4
DA:39,3
DA:41,1
DA:43,1
DA:44,1
DA:45,1
DA:48,0
DA:49,0
DA:50,0
DA:51,0
DA:52,0
DA:53,0
DA:55,0
DA:56,0
DA:57,0
DA:59,0
DA:60,0
DA:64,1
DA:65,1
DA:68,2
DA:69,2
DA:70,2
DA:73,2
DA:74,0
DA:75,0
LF:43
LH:28
BRDA:38,0,0,3
BRDA:38,0,1,1
BRDA:55,1,0,0
BRDA:55,1,1,0
BRF:4
BRH:2
end_of_record
TN:
SF:/Users/tommyHuang/projects/kinopio/src/index.ts
FN:31,(anonymous_0)
FN:46,parseXJson
FN:58,consumeQueue
FN:92,onConnect
FN:111,rpcSetup
FN:128,rpcTearDown
FN:142,callRpc
FN:151,(anonymous_7)
FN:196,rpcProxy
FN:200,(anonymous_9)
FN:207,(anonymous_10)
FN:208,(anonymous_11)
FNF:12
FNH:12
FNDA:4,(anonymous_0)
FNDA:82,parseXJson
FNDA:11,consumeQueue
FNDA:2,onConnect
FNDA:2,rpcSetup
FNDA:2,rpcTearDown
FNDA:12,callRpc
FNDA:12,(anonymous_7)
FNDA:1,rpcProxy
FNDA:13,(anonymous_9)
FNDA:12,(anonymous_10)
FNDA:12,(anonymous_11)
DA:1,1
DA:2,1
DA:4,1
DA:16,1
DA:17,1
DA:18,1
DA:19,1
DA:20,1
DA:21,1
DA:25,1
DA:37,4
DA:38,4
DA:39,4
DA:40,4
DA:41,4
DA:42,4
DA:47,82
DA:48,24
DA:49,24
DA:50,24
DA:51,3
DA:53,24
DA:55,58
DA:59,11
DA:61,11
DA:62,11
DA:63,11
DA:65,11
DA:66,11
DA:68,11
DA:70,11
DA:71,2
DA:80,9
DA:81,4
DA:85,9
DA:87,9
DA:96,2
DA:97,2
DA:98,2
DA:99,2
DA:105,2
DA:106,2
DA:111,1
DA:112,2
DA:113,2
DA:114,2
DA:116,2
DA:128,1
DA:129,2
DA:130,2
DA:131,2
DA:132,2
DA:133,2
DA:134,2
DA:148,12
DA:149,12
DA:151,12
DA:152,12
DA:153,1
DA:156,11
DA:157,11
DA:158,11
DA:160,11
DA:163,11
DA:164,11
DA:166,11
DA:196,1
DA:197,1
DA:201,13
DA:202,1
DA:204,12
DA:208,12
LF:72
LH:72
BRDA:47,0,0,24
BRDA:47,0,1,58
BRDA:50,1,0,3
BRDA:50,1,1,21
BRDA:50,2,0,24
BRDA:50,2,1,3
BRDA:61,3,0,11
BRDA:61,3,1,0
BRDA:70,4,0,2
BRDA:70,4,1,9
BRDA:80,5,0,4
BRDA:80,5,1,5
BRDA:85,6,0,9
BRDA:85,6,1,4
BRDA:111,7,0,1
BRDA:145,8,0,9
BRDA:146,9,0,0
BRDA:152,10,0,1
BRDA:152,10,1,11
BRDA:157,11,0,9
BRDA:157,12,0,8
BRDA:160,13,0,11
BRDA:160,13,1,4
BRDA:196,14,0,0
BRDA:196,15,0,0
BRDA:201,16,0,1
BRDA:201,16,1,12
BRF:27
BRH:23
end_of_record
